<?xml version="1.0" encoding="UTF-8"?>
<!-- Generated by org.testng.reporters.JUnitXMLReporter -->
<testsuite hostname="Admin" ignored="1" name="Default test" tests="1" failures="0" timestamp="12 Jul 2018 07:41:36 GMT" time="11.042" errors="0">
  <testcase name="checkLinkNextTest" time="0.075" classname="com.qa.testcase.LoginPageTest"/>
  <testcase name="verifyTitleTest" time="0.0" classname="com.qa.testcase.LoginPageTest">
    <ignored/>
  </testcase> <!-- verifyTitleTest -->
</testsuite> <!-- Default test -->
