<?xml version="1.0" encoding="UTF-8"?>
<!-- Generated by org.testng.reporters.JUnitXMLReporter -->
<testsuite hostname="Admin" ignored="0" name="ChromeTest" tests="1" failures="1" timestamp="06 Aug 2018 13:43:08 GMT" time="9.379" errors="0">
  <testcase name="pageTitleTest" time="0.025" classname="com.qa.testcases.HomePageTest">
    <failure type="java.lang.AssertionError" message="expected [Googlea] but found [Google]">
      <![CDATA[java.lang.AssertionError: expected [Googlea] but found [Google]
at com.qa.testcases.HomePageTest.pageTitleTest(HomePageTest.java:62)
... Removed 31 stack frames]]>
    </failure>
  </testcase> <!-- pageTitleTest -->
</testsuite> <!-- ChromeTest -->
