<?xml version="1.0" encoding="UTF-8"?>
<!-- Generated by org.testng.reporters.JUnitXMLReporter -->
<testsuite hostname="Admin" ignored="0" name="Testng Feature Test" tests="1" failures="1" timestamp="25 Jul 2018 03:39:55 GMT" time="27.125" errors="0">
  <testcase name="pageTitleTest" time="0.123" classname="com.qa.testcases.HomePageTest">
    <failure type="java.lang.AssertionError" message="expected [Googlea] but found [Google]">
      <![CDATA[java.lang.AssertionError: expected [Googlea] but found [Google]
at com.qa.testcases.HomePageTest.pageTitleTest(HomePageTest.java:59)
... Removed 31 stack frames]]>
    </failure>
  </testcase> <!-- pageTitleTest -->
</testsuite> <!-- Testng Feature Test -->
