<?xml version="1.0" encoding="UTF-8"?>
<!-- Generated by org.testng.reporters.JUnitXMLReporter -->
<testsuite hostname="Admin" ignored="0" name="Testng Feature Test" tests="1" failures="1" timestamp="20 Jul 2018 12:27:52 GMT" time="7.69" errors="0">
  <testcase name="pageTitleTest" time="0.03" classname="com.qa.testcase.HomePageTest">
    <failure type="java.lang.AssertionError" message="expected [Googlea] but found [Google]">
      <![CDATA[java.lang.AssertionError: expected [Googlea] but found [Google]
at com.qa.testcase.HomePageTest.pageTitleTest(HomePageTest.java:59)
... Removed 31 stack frames]]>
    </failure>
  </testcase> <!-- pageTitleTest -->
</testsuite> <!-- Testng Feature Test -->
